Build started 2016/11/29 23:22:24.
     1>Project "E:\projects\TractionCalculation\TractionCalculation\TractionCalculation.vcxproj" on node 2 (Build target(s)).
     1>ClCompile:
         C:\Program Files (x86)\Microsoft Visual Studio 12.0\VC\bin\CL.exe /c /ZI /nologo /W3 /WX- /sdl /Od /Oy- /D WIN32 /D _WINDOWS /D _DEBUG /D _UNICODE /D UNICODE /Gm /EHsc /RTC1 /MTd /GS /fp:precise /Zc:wchar_t /Zc:forScope /Yu"stdafx.h" /Fp"Debug\TractionCalculation.pch" /Fo"Debug\\" /Fd"Debug\vc120.pdb" /Gd /TP /analyze- /errorReport:prompt Groove.cpp Traction.cpp TractionCalculation.cpp TractionCalculationDlg.cpp
         Traction.cpp
         Groove.cpp
         Generating Code...
         Compiling...
         TractionCalculationDlg.cpp
         TractionCalculation.cpp
     1>e:\projects\tractioncalculation\tractioncalculation\tractioncalculation.cpp(106): warning C4244: 'initializing' : conversion from 'double' to 'float', possible loss of data
         Generating Code...
       Link:
         C:\Program Files (x86)\Microsoft Visual Studio 12.0\VC\bin\link.exe /ERRORREPORT:PROMPT /OUT:"E:\projects\TractionCalculation\Debug\TractionCalculation.exe" /INCREMENTAL /NOLOGO /MANIFEST /MANIFESTUAC:"level='asInvoker' uiAccess='false'" /manifest:embed /manifestinput:"C:\Program Files (x86)\Microsoft Visual Studio 12.0\VC\Include\Manifest\dpiaware.manifest" /DEBUG /PDB:"E:\projects\TractionCalculation\Debug\TractionCalculation.pdb" /SUBSYSTEM:WINDOWS /TLBID:1 /ENTRY:"wWinMainCRTStartup" /DYNAMICBASE /NXCOMPAT /IMPLIB:"E:\projects\TractionCalculation\Debug\TractionCalculation.lib" /MACHINE:X86 Debug\TractionCalculation.res
         Debug\CompensationChain.obj
         Debug\Groove.obj
         Debug\StartingTorque.obj
         Debug\stdafx.obj
         Debug\TestDlg.obj
         Debug\Traction.obj
         Debug\TractionCalculation.obj
         Debug\TractionCalculationDlg.obj
         Debug\WrapAngle.obj
         TractionCalculation.vcxproj -> E:\projects\TractionCalculation\Debug\TractionCalculation.exe
     1>Done Building Project "E:\projects\TractionCalculation\TractionCalculation\TractionCalculation.vcxproj" (Build target(s)).

Build succeeded.

Time Elapsed 00:00:22.36
