e:\projects\tractioncalculation\tractioncalculation\debug\tractioncalculation.pch
e:\projects\tractioncalculation\tractioncalculation\debug\vc120.pdb
e:\projects\tractioncalculation\tractioncalculation\debug\vc120.idb
e:\projects\tractioncalculation\tractioncalculation\debug\stdafx.obj
e:\projects\tractioncalculation\tractioncalculation\debug\compensationchain.obj
e:\projects\tractioncalculation\tractioncalculation\debug\startingtorque.obj
e:\projects\tractioncalculation\tractioncalculation\debug\testdlg.obj
e:\projects\tractioncalculation\tractioncalculation\debug\traction.obj
e:\projects\tractioncalculation\tractioncalculation\debug\tractioncalculation.obj
e:\projects\tractioncalculation\tractioncalculation\debug\tractioncalculationdlg.obj
e:\projects\tractioncalculation\tractioncalculation\debug\wrapangle.obj
e:\projects\tractioncalculation\debug\tractioncalculation.ilk
e:\projects\tractioncalculation\debug\tractioncalculation.exe
e:\projects\tractioncalculation\debug\tractioncalculation.pdb
e:\projects\tractioncalculation\tractioncalculation\debug\tractioncalculation.res
e:\projects\tractioncalculation\tractioncalculation\debug\traction.658b4307.tlog\cl.command.1.tlog
e:\projects\tractioncalculation\tractioncalculation\debug\traction.658b4307.tlog\cl.read.1.tlog
e:\projects\tractioncalculation\tractioncalculation\debug\traction.658b4307.tlog\cl.write.1.tlog
e:\projects\tractioncalculation\tractioncalculation\debug\traction.658b4307.tlog\link.command.1.tlog
e:\projects\tractioncalculation\tractioncalculation\debug\traction.658b4307.tlog\link.read.1.tlog
e:\projects\tractioncalculation\tractioncalculation\debug\traction.658b4307.tlog\link.write.1.tlog
e:\projects\tractioncalculation\tractioncalculation\debug\traction.658b4307.tlog\rc.command.1.tlog
e:\projects\tractioncalculation\tractioncalculation\debug\traction.658b4307.tlog\rc.read.1.tlog
e:\projects\tractioncalculation\tractioncalculation\debug\traction.658b4307.tlog\rc.write.1.tlog
