Build started 2016/11/24 11:22:44.
     1>Project "E:\projects\TractionCalculation\TractionCalculation\TractionCalculation.vcxproj" on node 2 (Build target(s)).
     1>ResourceCompile:
         C:\Program Files (x86)\Windows Kits\8.1\bin\x86\rc.exe /D NDEBUG /D _UNICODE /D UNICODE /l"0x0804" /IRelease\ /nologo /fo"Release\TractionCalculation.res" TractionCalculation.rc 
       Link:
         C:\Program Files (x86)\Microsoft Visual Studio 12.0\VC\bin\link.exe /ERRORREPORT:PROMPT /OUT:"E:\projects\TractionCalculation\Release\TractionCalculation.exe" /INCREMENTAL:NO /NOLOGO /MANIFEST /MANIFESTUAC:"level='asInvoker' uiAccess='false'" /manifest:embed /manifestinput:"C:\Program Files (x86)\Microsoft Visual Studio 12.0\VC\Include\Manifest\dpiaware.manifest" /DEBUG /PDB:"E:\projects\TractionCalculation\Release\TractionCalculation.pdb" /SUBSYSTEM:WINDOWS /OPT:REF /OPT:ICF /LTCG /TLBID:1 /ENTRY:"wWinMainCRTStartup" /DYNAMICBASE /NXCOMPAT /IMPLIB:"E:\projects\TractionCalculation\Release\TractionCalculation.lib" /MACHINE:X86 /SAFESEH Release\TractionCalculation.res
         Release\CompensationChain.obj
         Release\StartingTorque.obj
         Release\stdafx.obj
         Release\TestDlg.obj
         Release\Traction.obj
         Release\TractionCalculation.obj
         Release\TractionCalculationDlg.obj
         Release\TractionProp.obj
         Generating code
         Finished generating code
         TractionCalculation.vcxproj -> E:\projects\TractionCalculation\Release\TractionCalculation.exe
     1>Done Building Project "E:\projects\TractionCalculation\TractionCalculation\TractionCalculation.vcxproj" (Build target(s)).

Build succeeded.

Time Elapsed 00:00:24.26
